3.129.72.22 | SUCCESS => {
    "ansible_facts": {
        "ansible_all_ipv4_addresses": [
            "172.31.2.42"
        ],
        "ansible_all_ipv6_addresses": [
            "fe80::ee:3fff:fe75:7eb8"
        ],
        "ansible_apparmor": {
            "status": "enabled"
        },
        "ansible_architecture": "x86_64",
        "ansible_bios_date": "08/24/2006",
        "ansible_bios_vendor": "Xen",
        "ansible_bios_version": "4.11.amazon",
        "ansible_board_asset_tag": "NA",
        "ansible_board_name": "NA",
        "ansible_board_serial": "NA",
        "ansible_board_vendor": "NA",
        "ansible_board_version": "NA",
        "ansible_chassis_asset_tag": "NA",
        "ansible_chassis_serial": "NA",
        "ansible_chassis_vendor": "Xen",
        "ansible_chassis_version": "NA",
        "ansible_cmdline": {
            "BOOT_IMAGE": "/boot/vmlinuz-5.15.0-1031-aws",
            "console": "ttyS0",
            "nvme_core.io_timeout": "4294967295",
            "panic": "-1",
            "ro": true,
            "root": "PARTUUID=d4fad590-6773-46cd-91f5-4ee9c1ba24ba"
        },
        "ansible_date_time": {
            "date": "2023-03-29",
            "day": "29",
            "epoch": "1680072085",
            "epoch_int": "1680072085",
            "hour": "06",
            "iso8601": "2023-03-29T06:41:25Z",
            "iso8601_basic": "20230329T064125742925",
            "iso8601_basic_short": "20230329T064125",
            "iso8601_micro": "2023-03-29T06:41:25.742925Z",
            "minute": "41",
            "month": "03",
            "second": "25",
            "time": "06:41:25",
            "tz": "UTC",
            "tz_dst": "UTC",
            "tz_offset": "+0000",
            "weekday": "Wednesday",
            "weekday_number": "3",
            "weeknumber": "13",
            "year": "2023"
        },
        "ansible_default_ipv4": {
            "address": "172.31.2.42",
            "alias": "eth0",
            "broadcast": "",
            "gateway": "172.31.0.1",
            "interface": "eth0",
            "macaddress": "02:ee:3f:75:7e:b8",
            "mtu": 9001,
            "netmask": "255.255.240.0",
            "network": "172.31.0.0",
            "prefix": "20",
            "type": "ether"
        },
        "ansible_default_ipv6": {},
        "ansible_device_links": {
            "ids": {},
            "labels": {
                "xvda1": [
                    "cloudimg-rootfs"
                ],
                "xvda15": [
                    "UEFI"
                ]
            },
            "masters": {},
            "uuids": {
                "xvda1": [
                    "3d47c66b-5c19-41df-b184-9e1485606d5c"
                ],
                "xvda15": [
                    "4D70-4EB3"
                ]
            }
        },
        "ansible_devices": {
            "loop0": {
                "holders": [],
                "host": "",
                "links": {
                    "ids": [],
                    "labels": [],
                    "masters": [],
                    "uuids": []
                },
                "model": null,
                "partitions": {},
                "removable": "0",
                "rotational": "0",
                "sas_address": null,
                "sas_device_handle": null,
                "scheduler_mode": "none",
                "sectors": "49944",
                "sectorsize": "512",
                "size": "24.39 MB",
                "support_discard": "4096",
                "vendor": null,
                "virtual": 1
            },
            "loop1": {
                "holders": [],
                "host": "",
                "links": {
                    "ids": [],
                    "labels": [],
                    "masters": [],
                    "uuids": []
                },
                "model": null,
                "partitions": {},
                "removable": "0",
                "rotational": "0",
                "sas_address": null,
                "sas_device_handle": null,
                "scheduler_mode": "none",
                "sectors": "113888",
                "sectorsize": "512",
                "size": "55.61 MB",
                "support_discard": "4096",
                "vendor": null,
                "virtual": 1
            },
            "loop2": {
                "holders": [],
                "host": "",
                "links": {
                    "ids": [],
                    "labels": [],
                    "masters": [],
                    "uuids": []
                },
                "model": null,
                "partitions": {},
                "removable": "0",
                "rotational": "0",
                "sas_address": null,
                "sas_device_handle": null,
                "scheduler_mode": "none",
                "sectors": "113888",
                "sectorsize": "512",
                "size": "55.61 MB",
                "support_discard": "4096",
                "vendor": null,
                "virtual": 1
            },
            "loop3": {
                "holders": [],
                "host": "",
                "links": {
                    "ids": [],
                    "labels": [],
                    "masters": [],
                    "uuids": []
                },
                "model": null,
                "partitions": {},
                "removable": "0",
                "rotational": "0",
                "sas_address": null,
                "sas_device_handle": null,
                "scheduler_mode": "none",
                "sectors": "129608",
                "sectorsize": "512",
                "size": "63.29 MB",
                "support_discard": "4096",
                "vendor": null,
                "virtual": 1
            },
            "loop4": {
                "holders": [],
                "host": "",
                "links": {
                    "ids": [],
                    "labels": [],
                    "masters": [],
                    "uuids": []
                },
                "model": null,
                "partitions": {},
                "removable": "0",
                "rotational": "0",
                "sas_address": null,
                "sas_device_handle": null,
                "scheduler_mode": "none",
                "sectors": "129672",
                "sectorsize": "512",
                "size": "63.32 MB",
                "support_discard": "4096",
                "vendor": null,
                "virtual": 1
            },
            "loop5": {
                "holders": [],
                "host": "",
                "links": {
                    "ids": [],
                    "labels": [],
                    "masters": [],
                    "uuids": []
                },
                "model": null,
                "partitions": {},
                "removable": "0",
                "rotational": "0",
                "sas_address": null,
                "sas_device_handle": null,
                "scheduler_mode": "none",
                "sectors": "229272",
                "sectorsize": "512",
                "size": "111.95 MB",
                "support_discard": "4096",
                "vendor": null,
                "virtual": 1
            },
            "loop6": {
                "holders": [],
                "host": "",
                "links": {
                    "ids": [],
                    "labels": [],
                    "masters": [],
                    "uuids": []
                },
                "model": null,
                "partitions": {},
                "removable": "0",
                "rotational": "0",
                "sas_address": null,
                "sas_device_handle": null,
                "scheduler_mode": "none",
                "sectors": "102072",
                "sectorsize": "512",
                "size": "49.84 MB",
                "support_discard": "4096",
                "vendor": null,
                "virtual": 1
            },
            "loop7": {
                "holders": [],
                "host": "",
                "links": {
                    "ids": [],
                    "labels": [],
                    "masters": [],
                    "uuids": []
                },
                "model": null,
                "partitions": {},
                "removable": "0",
                "rotational": "0",
                "sas_address": null,
                "sas_device_handle": null,
                "scheduler_mode": "none",
                "sectors": "102072",
                "sectorsize": "512",
                "size": "49.84 MB",
                "support_discard": "4096",
                "vendor": null,
                "virtual": 1
            },
            "loop8": {
                "holders": [],
                "host": "",
                "links": {
                    "ids": [],
                    "labels": [],
                    "masters": [],
                    "uuids": []
                },
                "model": null,
                "partitions": {},
                "removable": "0",
                "rotational": "0",
                "sas_address": null,
                "sas_device_handle": null,
                "scheduler_mode": "none",
                "sectors": "0",
                "sectorsize": "512",
                "size": "0.00 Bytes",
                "support_discard": "4096",
                "vendor": null,
                "virtual": 1
            },
            "xvda": {
                "holders": [],
                "host": "",
                "links": {
                    "ids": [],
                    "labels": [],
                    "masters": [],
                    "uuids": []
                },
                "model": null,
                "partitions": {
                    "xvda1": {
                        "holders": [],
                        "links": {
                            "ids": [],
                            "labels": [
                                "cloudimg-rootfs"
                            ],
                            "masters": [],
                            "uuids": [
                                "3d47c66b-5c19-41df-b184-9e1485606d5c"
                            ]
                        },
                        "sectors": "16549855",
                        "sectorsize": 512,
                        "size": "7.89 GB",
                        "start": "227328",
                        "uuid": "3d47c66b-5c19-41df-b184-9e1485606d5c"
                    },
                    "xvda14": {
                        "holders": [],
                        "links": {
                            "ids": [],
                            "labels": [],
                            "masters": [],
                            "uuids": []
                        },
                        "sectors": "8192",
                        "sectorsize": 512,
                        "size": "4.00 MB",
                        "start": "2048",
                        "uuid": null
                    },
                    "xvda15": {
                        "holders": [],
                        "links": {
                            "ids": [],
                            "labels": [
                                "UEFI"
                            ],
                            "masters": [],
                            "uuids": [
                                "4D70-4EB3"
                            ]
                        },
                        "sectors": "217088",
                        "sectorsize": 512,
                        "size": "106.00 MB",
                        "start": "10240",
                        "uuid": "4D70-4EB3"
                    }
                },
                "removable": "0",
                "rotational": "0",
                "sas_address": null,
                "sas_device_handle": null,
                "scheduler_mode": "mq-deadline",
                "sectors": "16777216",
                "sectorsize": "512",
                "size": "8.00 GB",
                "support_discard": "0",
                "vendor": null,
                "virtual": 1
            }
        },
        "ansible_distribution": "Ubuntu",
        "ansible_distribution_file_parsed": true,
        "ansible_distribution_file_path": "/etc/os-release",
        "ansible_distribution_file_variety": "Debian",
        "ansible_distribution_major_version": "22",
        "ansible_distribution_release": "jammy",
        "ansible_distribution_version": "22.04",
        "ansible_dns": {
            "nameservers": [
                "127.0.0.53"
            ],
            "options": {
                "edns0": true,
                "trust-ad": true
            },
            "search": [
                "us-east-2.compute.internal"
            ]
        },
        "ansible_domain": "us-east-2.compute.internal",
        "ansible_effective_group_id": 1000,
        "ansible_effective_user_id": 1000,
        "ansible_env": {
            "DBUS_SESSION_BUS_ADDRESS": "unix:path=/run/user/1000/bus",
            "HOME": "/home/ubuntu",
            "LANG": "C.UTF-8",
            "LOGNAME": "ubuntu",
            "MOTD_SHOWN": "pam",
            "PATH": "/usr/local/sbin:/usr/local/bin:/usr/sbin:/usr/bin:/sbin:/bin:/usr/games:/usr/local/games:/snap/bin",
            "PWD": "/home/ubuntu",
            "SHELL": "/bin/bash",
            "SHLVL": "0",
            "SSH_CLIENT": "18.119.19.24 60326 22",
            "SSH_CONNECTION": "18.119.19.24 60326 172.31.2.42 22",
            "SSH_TTY": "/dev/pts/1",
            "TERM": "xterm",
            "USER": "ubuntu",
            "XDG_RUNTIME_DIR": "/run/user/1000",
            "XDG_SESSION_CLASS": "user",
            "XDG_SESSION_ID": "18",
            "XDG_SESSION_TYPE": "tty",
            "_": "/bin/sh"
        },
        "ansible_eth0": {
            "active": true,
            "device": "eth0",
            "features": {
                "esp_hw_offload": "off [fixed]",
                "esp_tx_csum_hw_offload": "off [fixed]",
                "fcoe_mtu": "off [fixed]",
                "generic_receive_offload": "on",
                "generic_segmentation_offload": "on",
                "highdma": "off [fixed]",
                "hsr_dup_offload": "off [fixed]",
                "hsr_fwd_offload": "off [fixed]",
                "hsr_tag_ins_offload": "off [fixed]",
                "hsr_tag_rm_offload": "off [fixed]",
                "hw_tc_offload": "off [fixed]",
                "l2_fwd_offload": "off [fixed]",
                "large_receive_offload": "off [fixed]",
                "loopback": "off [fixed]",
                "macsec_hw_offload": "off [fixed]",
                "netns_local": "off [fixed]",
                "ntuple_filters": "off [fixed]",
                "receive_hashing": "off [fixed]",
                "rx_all": "off [fixed]",
                "rx_checksumming": "on [fixed]",
                "rx_fcs": "off [fixed]",
                "rx_gro_hw": "off [fixed]",
                "rx_gro_list": "off",
                "rx_udp_gro_forwarding": "off",
                "rx_udp_tunnel_port_offload": "off [fixed]",
                "rx_vlan_filter": "off [fixed]",
                "rx_vlan_offload": "off [fixed]",
                "rx_vlan_stag_filter": "off [fixed]",
                "rx_vlan_stag_hw_parse": "off [fixed]",
                "scatter_gather": "on",
                "tcp_segmentation_offload": "on",
                "tls_hw_record": "off [fixed]",
                "tls_hw_rx_offload": "off [fixed]",
                "tls_hw_tx_offload": "off [fixed]",
                "tx_checksum_fcoe_crc": "off [fixed]",
                "tx_checksum_ip_generic": "off [fixed]",
                "tx_checksum_ipv4": "on [fixed]",
                "tx_checksum_ipv6": "on",
                "tx_checksum_sctp": "off [fixed]",
                "tx_checksumming": "on",
                "tx_esp_segmentation": "off [fixed]",
                "tx_fcoe_segmentation": "off [fixed]",
                "tx_gre_csum_segmentation": "off [fixed]",
                "tx_gre_segmentation": "off [fixed]",
                "tx_gso_list": "off [fixed]",
                "tx_gso_partial": "off [fixed]",
                "tx_gso_robust": "on [fixed]",
                "tx_ipxip4_segmentation": "off [fixed]",
                "tx_ipxip6_segmentation": "off [fixed]",
                "tx_lockless": "off [fixed]",
                "tx_nocache_copy": "off",
                "tx_scatter_gather": "on",
                "tx_scatter_gather_fraglist": "off [fixed]",
                "tx_sctp_segmentation": "off [fixed]",
                "tx_tcp6_segmentation": "on",
                "tx_tcp_ecn_segmentation": "off [fixed]",
                "tx_tcp_mangleid_segmentation": "off",
                "tx_tcp_segmentation": "on",
                "tx_tunnel_remcsum_segmentation": "off [fixed]",
                "tx_udp_segmentation": "off [fixed]",
                "tx_udp_tnl_csum_segmentation": "off [fixed]",
                "tx_udp_tnl_segmentation": "off [fixed]",
                "tx_vlan_offload": "off [fixed]",
                "tx_vlan_stag_hw_insert": "off [fixed]",
                "vlan_challenged": "off [fixed]"
            },
            "hw_timestamp_filters": [],
            "ipv4": {
                "address": "172.31.2.42",
                "broadcast": "",
                "netmask": "255.255.240.0",
                "network": "172.31.0.0",
                "prefix": "20"
            },
            "ipv6": [
                {
                    "address": "fe80::ee:3fff:fe75:7eb8",
                    "prefix": "64",
                    "scope": "link"
                }
            ],
            "macaddress": "02:ee:3f:75:7e:b8",
            "module": "xen_netfront",
            "mtu": 9001,
            "pciid": "vif-0",
            "promisc": false,
            "timestamping": [],
            "type": "ether"
        },
        "ansible_fibre_channel_wwn": [],
        "ansible_fips": false,
        "ansible_form_factor": "Other",
        "ansible_fqdn": "ip-172-31-2-42.us-east-2.compute.internal",
        "ansible_hostname": "ip-172-31-2-42",
        "ansible_hostnqn": "",
        "ansible_interfaces": [
            "eth0",
            "lo"
        ],
        "ansible_is_chroot": false,
        "ansible_iscsi_iqn": "",
        "ansible_kernel": "5.15.0-1031-aws",
        "ansible_kernel_version": "#35-Ubuntu SMP Fri Feb 10 02:07:18 UTC 2023",
        "ansible_lo": {
            "active": true,
            "device": "lo",
            "features": {
                "esp_hw_offload": "off [fixed]",
                "esp_tx_csum_hw_offload": "off [fixed]",
                "fcoe_mtu": "off [fixed]",
                "generic_receive_offload": "on",
                "generic_segmentation_offload": "on",
                "highdma": "on [fixed]",
                "hsr_dup_offload": "off [fixed]",
                "hsr_fwd_offload": "off [fixed]",
                "hsr_tag_ins_offload": "off [fixed]",
                "hsr_tag_rm_offload": "off [fixed]",
                "hw_tc_offload": "off [fixed]",
                "l2_fwd_offload": "off [fixed]",
                "large_receive_offload": "off [fixed]",
                "loopback": "on [fixed]",
                "macsec_hw_offload": "off [fixed]",
                "netns_local": "on [fixed]",
                "ntuple_filters": "off [fixed]",
                "receive_hashing": "off [fixed]",
                "rx_all": "off [fixed]",
                "rx_checksumming": "on [fixed]",
                "rx_fcs": "off [fixed]",
                "rx_gro_hw": "off [fixed]",
                "rx_gro_list": "off",
                "rx_udp_gro_forwarding": "off",
                "rx_udp_tunnel_port_offload": "off [fixed]",
                "rx_vlan_filter": "off [fixed]",
                "rx_vlan_offload": "off [fixed]",
                "rx_vlan_stag_filter": "off [fixed]",
                "rx_vlan_stag_hw_parse": "off [fixed]",
                "scatter_gather": "on",
                "tcp_segmentation_offload": "on",
                "tls_hw_record": "off [fixed]",
                "tls_hw_rx_offload": "off [fixed]",
                "tls_hw_tx_offload": "off [fixed]",
                "tx_checksum_fcoe_crc": "off [fixed]",
                "tx_checksum_ip_generic": "on [fixed]",
                "tx_checksum_ipv4": "off [fixed]",
                "tx_checksum_ipv6": "off [fixed]",
                "tx_checksum_sctp": "on [fixed]",
                "tx_checksumming": "on",
                "tx_esp_segmentation": "off [fixed]",
                "tx_fcoe_segmentation": "off [fixed]",
                "tx_gre_csum_segmentation": "off [fixed]",
                "tx_gre_segmentation": "off [fixed]",
                "tx_gso_list": "on",
                "tx_gso_partial": "off [fixed]",
                "tx_gso_robust": "off [fixed]",
                "tx_ipxip4_segmentation": "off [fixed]",
                "tx_ipxip6_segmentation": "off [fixed]",
                "tx_lockless": "on [fixed]",
                "tx_nocache_copy": "off [fixed]",
                "tx_scatter_gather": "on [fixed]",
                "tx_scatter_gather_fraglist": "on [fixed]",
                "tx_sctp_segmentation": "on",
                "tx_tcp6_segmentation": "on",
                "tx_tcp_ecn_segmentation": "on",
                "tx_tcp_mangleid_segmentation": "on",
                "tx_tcp_segmentation": "on",
                "tx_tunnel_remcsum_segmentation": "off [fixed]",
                "tx_udp_segmentation": "on",
                "tx_udp_tnl_csum_segmentation": "off [fixed]",
                "tx_udp_tnl_segmentation": "off [fixed]",
                "tx_vlan_offload": "off [fixed]",
                "tx_vlan_stag_hw_insert": "off [fixed]",
                "vlan_challenged": "on [fixed]"
            },
            "hw_timestamp_filters": [],
            "ipv4": {
                "address": "127.0.0.1",
                "broadcast": "",
                "netmask": "255.0.0.0",
                "network": "127.0.0.0",
                "prefix": "8"
            },
            "ipv6": [
                {
                    "address": "::1",
                    "prefix": "128",
                    "scope": "host"
                }
            ],
            "mtu": 65536,
            "promisc": false,
            "timestamping": [],
            "type": "loopback"
        },
        "ansible_loadavg": {
            "15m": 0.00537109375,
            "1m": 0.080078125,
            "5m": 0.0166015625
        },
        "ansible_local": {
            "apache2f": [
                "web_pkg",
                "apache2"
            ],
            "sample": "bar"
        },
        "ansible_lsb": {
            "codename": "jammy",
            "description": "Ubuntu 22.04.1 LTS",
            "id": "Ubuntu",
            "major_release": "22",
            "release": "22.04"
        },
        "ansible_lvm": "N/A",
        "ansible_machine": "x86_64",
        "ansible_machine_id": "e037196511474306abce5a3073692690",
        "ansible_memfree_mb": 61,
        "ansible_memory_mb": {
            "nocache": {
                "free": 380,
                "used": 586
            },
            "real": {
                "free": 61,
                "total": 966,
                "used": 905
            },
            "swap": {
                "cached": 0,
                "free": 0,
                "total": 0,
                "used": 0
            }
        },
        "ansible_memtotal_mb": 966,
        "ansible_mounts": [
            {
                "block_available": 1236036,
                "block_size": 4096,
                "block_total": 1985394,
                "block_used": 749358,
                "device": "/dev/root",
                "fstype": "ext4",
                "inode_available": 928132,
                "inode_total": 1032192,
                "inode_used": 104060,
                "mount": "/",
                "options": "rw,relatime,discard,errors=remount-ro",
                "size_available": 5062803456,
                "size_total": 8132173824,
                "uuid": "3d47c66b-5c19-41df-b184-9e1485606d5c"
            },
            {
                "block_available": 0,
                "block_size": 131072,
                "block_total": 196,
                "block_used": 196,
                "device": "/dev/loop0",
                "fstype": "squashfs",
                "inode_available": 0,
                "inode_total": 16,
                "inode_used": 16,
                "mount": "/snap/amazon-ssm-agent/6312",
                "options": "ro,nodev,relatime,errors=continue",
                "size_available": 0,
                "size_total": 25690112,
                "uuid": "N/A"
            },
            {
                "block_available": 0,
                "block_size": 131072,
                "block_total": 445,
                "block_used": 445,
                "device": "/dev/loop1",
                "fstype": "squashfs",
                "inode_available": 0,
                "inode_total": 10880,
                "inode_used": 10880,
                "mount": "/snap/core18/2679",
                "options": "ro,nodev,relatime,errors=continue",
                "size_available": 0,
                "size_total": 58327040,
                "uuid": "N/A"
            },
            {
                "block_available": 0,
                "block_size": 131072,
                "block_total": 445,
                "block_used": 445,
                "device": "/dev/loop2",
                "fstype": "squashfs",
                "inode_available": 0,
                "inode_total": 10880,
                "inode_used": 10880,
                "mount": "/snap/core18/2714",
                "options": "ro,nodev,relatime,errors=continue",
                "size_available": 0,
                "size_total": 58327040,
                "uuid": "N/A"
            },
            {
                "block_available": 0,
                "block_size": 131072,
                "block_total": 507,
                "block_used": 507,
                "device": "/dev/loop3",
                "fstype": "squashfs",
                "inode_available": 0,
                "inode_total": 11906,
                "inode_used": 11906,
                "mount": "/snap/core20/1828",
                "options": "ro,nodev,relatime,errors=continue",
                "size_available": 0,
                "size_total": 66453504,
                "uuid": "N/A"
            },
            {
                "block_available": 0,
                "block_size": 131072,
                "block_total": 507,
                "block_used": 507,
                "device": "/dev/loop4",
                "fstype": "squashfs",
                "inode_available": 0,
                "inode_total": 11926,
                "inode_used": 11926,
                "mount": "/snap/core20/1852",
                "options": "ro,nodev,relatime,errors=continue",
                "size_available": 0,
                "size_total": 66453504,
                "uuid": "N/A"
            },
            {
                "block_available": 0,
                "block_size": 131072,
                "block_total": 896,
                "block_used": 896,
                "device": "/dev/loop5",
                "fstype": "squashfs",
                "inode_available": 0,
                "inode_total": 873,
                "inode_used": 873,
                "mount": "/snap/lxd/24322",
                "options": "ro,nodev,relatime,errors=continue",
                "size_available": 0,
                "size_total": 117440512,
                "uuid": "N/A"
            },
            {
                "block_available": 0,
                "block_size": 131072,
                "block_total": 399,
                "block_used": 399,
                "device": "/dev/loop6",
                "fstype": "squashfs",
                "inode_available": 0,
                "inode_total": 496,
                "inode_used": 496,
                "mount": "/snap/snapd/18357",
                "options": "ro,nodev,relatime,errors=continue",
                "size_available": 0,
                "size_total": 52297728,
                "uuid": "N/A"
            },
            {
                "block_available": 0,
                "block_size": 131072,
                "block_total": 399,
                "block_used": 399,
                "device": "/dev/loop7",
                "fstype": "squashfs",
                "inode_available": 0,
                "inode_total": 498,
                "inode_used": 498,
                "mount": "/snap/snapd/18596",
                "options": "ro,nodev,relatime,errors=continue",
                "size_available": 0,
                "size_total": 52297728,
                "uuid": "N/A"
            },
            {
                "block_available": 201394,
                "block_size": 512,
                "block_total": 213716,
                "block_used": 12322,
                "device": "/dev/xvda15",
                "fstype": "vfat",
                "inode_available": 0,
                "inode_total": 0,
                "inode_used": 0,
                "mount": "/boot/efi",
                "options": "rw,relatime,fmask=0077,dmask=0077,codepage=437,iocharset=iso8859-1,shortname=mixed,errors=remount-ro",
                "size_available": 103113728,
                "size_total": 109422592,
                "uuid": "4D70-4EB3"
            }
        ],
        "ansible_nodename": "ip-172-31-2-42",
        "ansible_os_family": "Debian",
        "ansible_pkg_mgr": "apt",
        "ansible_proc_cmdline": {
            "BOOT_IMAGE": "/boot/vmlinuz-5.15.0-1031-aws",
            "console": [
                "tty1",
                "ttyS0"
            ],
            "nvme_core.io_timeout": "4294967295",
            "panic": "-1",
            "ro": true,
            "root": "PARTUUID=d4fad590-6773-46cd-91f5-4ee9c1ba24ba"
        },
        "ansible_processor": [
            "0",
            "GenuineIntel",
            "Intel(R) Xeon(R) CPU E5-2676 v3 @ 2.40GHz"
        ],
        "ansible_processor_cores": 1,
        "ansible_processor_count": 1,
        "ansible_processor_nproc": 1,
        "ansible_processor_threads_per_core": 1,
        "ansible_processor_vcpus": 1,
        "ansible_product_name": "HVM domU",
        "ansible_product_serial": "NA",
        "ansible_product_uuid": "NA",
        "ansible_product_version": "4.11.amazon",
        "ansible_python": {
            "executable": "/usr/bin/python3",
            "has_sslcontext": true,
            "type": "cpython",
            "version": {
                "major": 3,
                "micro": 6,
                "minor": 10,
                "releaselevel": "final",
                "serial": 0
            },
            "version_info": [
                3,
                10,
                6,
                "final",
                0
            ]
        },
        "ansible_python_version": "3.10.6",
        "ansible_real_group_id": 1000,
        "ansible_real_user_id": 1000,
        "ansible_selinux": {
            "status": "disabled"
        },
        "ansible_selinux_python_present": true,
        "ansible_service_mgr": "systemd",
        "ansible_ssh_host_key_dsa_public": "AAAAB3NzaC1kc3MAAACBAMNqjkIdT4ocVkUQk+mCY72dFwiGlFAaxeCzcfzpgYmg+op7jIuy3NCxSDcDs8mA3NKv1EWqoP5QxrbT8Pu1Z/nWAUXdZrOaEtlKEYO3Qo34mIFpFE+67UWX0Wi4JACWMv87ZWKnTTAA9Xd71LLz6elBp75Ny8soT4JNTkGstc7/AAAAFQCVWTazHxVOpgwQCt5OSnVDmIBW1QAAAIEAieywc1dqu02CtjMIgtpLb8cTZRFaAZHNe6llJrhOjk9wkeY+DvsQDmXGUUmitzRpq1Sdx0RWFpqC7tgBCCVHkIEPRq+9KuJnIcAyHk1F5jnJ1i274wTCZFKoVdpzpEjKzrkkAhvHndFGqMRS7EdUbvWXFgyPtwIbKXktHLJORA4AAACATw7Z9w4e5lVcViweMmCsf+mtZiu5FL1/zF86jxUX7fYcj3OeH/jKoJJQZNFoKojgBEWfSZzMysKF1nkhiHA6u0y/EIAo3o++L/IYB8nKcUwroXUcwpltDbqNXJMIWCgTPrIV7y9kq5Kk8pyWxjJOzeOT+HGwgMI92FN/xyKwuL4=",
        "ansible_ssh_host_key_dsa_public_keytype": "ssh-dss",
        "ansible_ssh_host_key_ecdsa_public": "AAAAE2VjZHNhLXNoYTItbmlzdHAyNTYAAAAIbmlzdHAyNTYAAABBBNw10oZECpE+te33q4tDqfXmHXBKr63BRCkr8VHfrN4qkPH2JETfZgJwLh4Zz8PpjUO8hZEN+aiYosyeBctXgwU=",
        "ansible_ssh_host_key_ecdsa_public_keytype": "ecdsa-sha2-nistp256",
        "ansible_ssh_host_key_ed25519_public": "AAAAC3NzaC1lZDI1NTE5AAAAILAfsPicfFZjNhOjLEsKZm+2C5FrSBvT9uPWwX+u5nb9",
        "ansible_ssh_host_key_ed25519_public_keytype": "ssh-ed25519",
        "ansible_ssh_host_key_rsa_public": "AAAAB3NzaC1yc2EAAAADAQABAAABgQDRDzZ8AMfAm4SyfC5xxH7QUy8q/FklDO0KAcm/7wEM/Ml2lPltVAM04IKLVhqtLHUSLcU47VGCnzLZiNHgu/rgukwDc1fLYPDeeO1QLrQMXVAwTo9tXTx63zSU8FBmvYNMGVOWGGTwkpUP9ltoqnZilOz5U/DBoIWXdW51CAwOl3l1Y1pKoGoUWjTuKgKM9AzhZ5BcuDKpeVcOry2MevBPrw9vkC0tvm5YfHCLYlGixGCA5ktuGZCxBvT1oZF11J7GVuulyPra6SgZ7durpKjqF6lfAVkrCEOLgKfioQx3k3RcMIQbJURh5KQSIB5j8BUiRIrkbikGXeVLCpJOl+cCjBdxXT8QYM1gb8XV4Z7c8GevqiKzo2sBsVkxD7j9yqJR9/vJ8Q9frmcSLQo99KWtryCnRTu1h5dxbkPCmGlnKuO95Ppb5sn5ly74ZVketr+gU3F0Xu4BxElUiwodVR0tyud7ELYLTqStPOK5Fk3djd6iivg56wYTaIgjXFOIVJk=",
        "ansible_ssh_host_key_rsa_public_keytype": "ssh-rsa",
        "ansible_swapfree_mb": 0,
        "ansible_swaptotal_mb": 0,
        "ansible_system": "Linux",
        "ansible_system_capabilities": [
            ""
        ],
        "ansible_system_capabilities_enforced": "True",
        "ansible_system_vendor": "Xen",
        "ansible_uptime_seconds": 9183,
        "ansible_user_dir": "/home/ubuntu",
        "ansible_user_gecos": "Ubuntu",
        "ansible_user_gid": 1000,
        "ansible_user_id": "ubuntu",
        "ansible_user_shell": "/bin/bash",
        "ansible_user_uid": 1000,
        "ansible_userspace_architecture": "x86_64",
        "ansible_userspace_bits": "64",
        "ansible_virtualization_role": "guest",
        "ansible_virtualization_tech_guest": [
            "xen"
        ],
        "ansible_virtualization_tech_host": [],
        "ansible_virtualization_type": "xen",
        "discovered_interpreter_python": "/usr/bin/python3",
        "gather_subset": [
            "all"
        ],
        "module_setup": true
    },
    "changed": false
}
